[
  {
    "semester":"SoSe 2020",
    "modules": [
      {
        "name":"Studienarbeit",
        "exams": [
          {
            "exam":"Studienarbeit (100%)",
            "grade":"-"
          }
        ]
      },
      {
        "name":"Software Engineering II",
        "exams": [
          {
            "exam":"Programmentwurf (100%)",
            "grade":"-"
          }
        ]
      },
      {
        "name":"Systemarchitekturen der Informationstechnik",
        "exams": [
          {
            "exam":"Web Engineering 2 (50%)",
            "grade":"95,0"
          }
        ]
      },
      {
        "name":"Computergraphik und Bildverarbeitung",
        "exams": [
          {
            "exam":"Klausur oder Kombinierte Prüfung (100%)",
            "grade":"-"
          }
        ]
      },
      {
        "name":"Sprach- und Wissensverarbeitung",
        "exams": [
          {
            "exam":"Kombinierte Prüfung (100%)",
            "grade":"-"
          }
        ]
      },
      {
        "name":"Informationssysteme",
        "exams": [
          {
            "exam":"Klausurarbeit oder Kombinierte Prüfung (100%)",
            "grade":"-"
          }
        ]
      },
      {
        "name":"Wahlmodul Informatik III",
        "exams": [
          {
            "exam":"Kombinierte Prüfung (100%)",
            "grade":"-"
          }
        ]
      }
    ]
  },
  {
    "semester":"WiSe 2019/20",
    "modules": [
      {
        "name":"Praxisprojekt III",
        "exams": [
          {
            "exam":"Hausarbeit (1%)",
            "grade":"-"
          },
          {
            "exam":"Ablauf- und Reflexionsbericht (1%)",
            "grade":"-"
          }
        ]
      },
      {
        "name":"IT-Sicherheit",
        "exams": [
          {
            "exam":"Klausur (100%)",
            "grade":"-"
          }
        ]
      },
      {
        "name":"Kommunikations- und Netztechnik II",
        "exams": [
          {
            "exam":"Netzmanagement/Netzarchitekturen (50%)",
            "grade":"88,0"
          },
          {
            "exam":"Weitverkehrsnetze (50%)",
            "grade":"85,0"
          }
        ]
      }
    ]
  },
  {
    "semester":"SoSe 2019",
    "modules": [
      {
        "name":"Praxisprojekt II",
        "exams": [
          {
            "exam":"Projektarbeit 2 a (50%)",
            "grade":"1,7"
          },
          {
            "exam":"Projektarbeit 2 b (50%)",
            "grade":"1,3"
          },
          {
            "exam":"Mündliche Prüfung (50%)",
            "grade":"2,2"
          },
          {
            "exam":"Ablauf- und Reflexionsbericht (0%)",
            "grade":"b"
          }
        ]
      },
      {
        "name":"Mathematik II",
        "exams": [
          {
            "exam":"Klausur (50%)",
            "grade":"1,0"
          },
          {
            "exam":"Klausur (50%)",
            "grade":"1,0"
          }
        ]
      },
      {
        "name":"Software Engineering I",
        "exams": [
          {
            "exam":"Programmentwurf (100%)",
            "grade":"1,4"
          }
        ]
      },
      {
        "name":"Datenbanken",
        "exams": [
          {
            "exam":"Klausurarbeit oder Kombinierte Prüfung (100%)",
            "grade":"1,2"
          }
        ]
      },
      {
        "name":"Technische Informatik II",
        "exams": [
          {
            "exam":"Rechnerarchitekturen (50%)",
            "grade":"100,0"
          },
          {
            "exam":"Betriebssysteme (50%)",
            "grade":"92,0"
          }
        ]
      },
      {
        "name":"Webengineering und Systemnahe Programmierung",
        "exams": [
          {
            "exam":"Kombinierte Prüfung (100%)",
            "grade":"1,1"
          }
        ]
      },
      {
        "name":"Signalverarbeitung und Kommunikationstechnik",
        "exams": [
          {
            "exam":"Testat Advanced Internet Working (0%)",
            "grade":"1,0"
          }
        ]
      }
    ]
  },
  {
    "semester":"WiSe 2018/19",
    "modules": [
      {
        "name":"Mathematik II",
        "exams": [
          {
            "exam":"Klausur (50%)",
            "grade":"1,0"
          },
          {
            "exam":"Klausur (50%)",
            "grade":"1,0"
          }
        ]
      },
      {
        "name":"Theoretische Informatik III",
        "exams": [
          {
            "exam":"Klausur (100%)",
            "grade":"1,0"
          }
        ]
      },
      {
        "name":"Kommunikations- und Netztechnik",
        "exams": [
          {
            "exam":"Klausur (100%)",
            "grade":"1,2"
          }
        ]
      }
    ]
  },
  {
    "semester":"SoSe 2018",
    "modules": [
      {
        "name":"Praxisprojekt I",
        "exams": [
          {
            "exam":"Projektarbeit (1%)",
            "grade":"b"
          },
          {
            "exam":"Ablauf- und Reflexionsbericht (1%)",
            "grade":"b"
          }
        ]
      },
      {
        "name":"Mathematik I",
        "exams": [
          {
            "exam":"Klausurarbeit (100%)",
            "grade":"1,0"
          },
          {
            "exam":"Klausurarbeit (100%)",
            "grade":"1,0"
          }
        ]
      },
      {
        "name":"Theoretische Informatik II",
        "exams": [
          {
            "exam":"Klausurarbeit (100%)",
            "grade":"1,0"
          }
        ]
      },
      {
        "name":"Programmieren",
        "exams": [
          {
            "exam":"Programmentwurf (100%)",
            "grade":"1,2"
          }
        ]
      },
      {
        "name":"Schlüsselqualifikationen",
        "exams": [
          {
            "exam":"BWL (100%)",
            "grade":"1,4"
          },
          {
            "exam":"Projektmanagement 1 (0%)",
            "grade":"1,0"
          }
        ]
      },
      {
        "name":"Technische Informatik I",
        "exams": [
          {
            "exam":"Klausurarbeit (100%)",
            "grade":"1,0"
          }
        ]
      },
      {
        "name":"Physik",
        "exams": [
          {
            "exam":"Klausurarbeit (100%)",
            "grade":"1,0"
          }
        ]
      },
      {
        "name":"Grundlagen der Hard- und Software",
        "exams": [
          {
            "exam":"Klausur (100%)",
            "grade":"1,0"
          }
        ]
      }
    ]
  },
  {
    "semester":"WiSe 2017/18",
    "modules": [
      {
        "name":"Mathematik I",
        "exams": [
          {
            "exam":"Klausurarbeit (100%)",
            "grade":"1,0"
          },
          {
            "exam":"Klausurarbeit (100%)",
            "grade":"1,0"
          }
        ]
      },
      {
        "name":"Theoretische Informatik I",
        "exams": [
          {
            "exam":"Klausurarbeit (100%)",
            "grade":"1,0"
          }
        ]
      },
      {
        "name":"Elektrotechnik",
        "exams": [
          {
            "exam":"Klausur (100%)",
            "grade":"1,7"
          }
        ]
      }
    ]
  }
]
